NOTE: Picked up JDK_JAVA_OPTIONS:  --add-opens=java.base/java.lang=ALL-UNNAMED --add-opens=java.base/java.io=ALL-UNNAMED --add-opens=java.rmi/sun.rmi.transport=ALL-UNNAMED
14-Oct-2020 22:29:01.871 INFO [main] org.apache.catalina.startup.VersionLoggerListener.log Server version name:   Apache Tomcat/8.5.54
14-Oct-2020 22:29:01.873 INFO [main] org.apache.catalina.startup.VersionLoggerListener.log Server built:          Apr 3 2020 14:06:10 UTC
14-Oct-2020 22:29:01.873 INFO [main] org.apache.catalina.startup.VersionLoggerListener.log Server version number: 8.5.54.0
14-Oct-2020 22:29:01.873 INFO [main] org.apache.catalina.startup.VersionLoggerListener.log OS Name:               Mac OS X
14-Oct-2020 22:29:01.873 INFO [main] org.apache.catalina.startup.VersionLoggerListener.log OS Version:            10.15.6
14-Oct-2020 22:29:01.873 INFO [main] org.apache.catalina.startup.VersionLoggerListener.log Architecture:          x86_64
14-Oct-2020 22:29:01.874 INFO [main] org.apache.catalina.startup.VersionLoggerListener.log Java Home:             /Library/Java/JavaVirtualMachines/openjdk-14.jdk/Contents/Home
14-Oct-2020 22:29:01.874 INFO [main] org.apache.catalina.startup.VersionLoggerListener.log JVM Version:           14+36-1461
14-Oct-2020 22:29:01.874 INFO [main] org.apache.catalina.startup.VersionLoggerListener.log JVM Vendor:            Oracle Corporation
14-Oct-2020 22:29:01.874 INFO [main] org.apache.catalina.startup.VersionLoggerListener.log CATALINA_BASE:         /Users/Jack/Downloads/devTools/apache-tomcat/tomcat-9999
14-Oct-2020 22:29:01.874 INFO [main] org.apache.catalina.startup.VersionLoggerListener.log CATALINA_HOME:         /Users/Jack/Downloads/devTools/apache-tomcat/tomcat-9999
14-Oct-2020 22:29:01.876 INFO [main] org.apache.catalina.startup.VersionLoggerListener.log Command line argument: --add-opens=java.base/java.lang=ALL-UNNAMED
14-Oct-2020 22:29:01.876 INFO [main] org.apache.catalina.startup.VersionLoggerListener.log Command line argument: --add-opens=java.base/java.io=ALL-UNNAMED
14-Oct-2020 22:29:01.876 INFO [main] org.apache.catalina.startup.VersionLoggerListener.log Command line argument: --add-opens=java.rmi/sun.rmi.transport=ALL-UNNAMED
14-Oct-2020 22:29:01.876 INFO [main] org.apache.catalina.startup.VersionLoggerListener.log Command line argument: -Djava.util.logging.config.file=/Users/Jack/Downloads/devTools/apache-tomcat/tomcat-9999/conf/logging.properties
14-Oct-2020 22:29:01.876 INFO [main] org.apache.catalina.startup.VersionLoggerListener.log Command line argument: -Djava.util.logging.manager=org.apache.juli.ClassLoaderLogManager
14-Oct-2020 22:29:01.876 INFO [main] org.apache.catalina.startup.VersionLoggerListener.log Command line argument: -Djdk.tls.ephemeralDHKeySize=2048
14-Oct-2020 22:29:01.876 INFO [main] org.apache.catalina.startup.VersionLoggerListener.log Command line argument: -Djava.protocol.handler.pkgs=org.apache.catalina.webresources
14-Oct-2020 22:29:01.876 INFO [main] org.apache.catalina.startup.VersionLoggerListener.log Command line argument: -Dorg.apache.catalina.security.SecurityListener.UMASK=0027
14-Oct-2020 22:29:01.876 INFO [main] org.apache.catalina.startup.VersionLoggerListener.log Command line argument: -Dignore.endorsed.dirs=
14-Oct-2020 22:29:01.877 INFO [main] org.apache.catalina.startup.VersionLoggerListener.log Command line argument: -Dcatalina.base=/Users/Jack/Downloads/devTools/apache-tomcat/tomcat-9999
14-Oct-2020 22:29:01.877 INFO [main] org.apache.catalina.startup.VersionLoggerListener.log Command line argument: -Dcatalina.home=/Users/Jack/Downloads/devTools/apache-tomcat/tomcat-9999
14-Oct-2020 22:29:01.877 INFO [main] org.apache.catalina.startup.VersionLoggerListener.log Command line argument: -Djava.io.tmpdir=/Users/Jack/Downloads/devTools/apache-tomcat/tomcat-9999/temp
14-Oct-2020 22:29:01.877 INFO [main] org.apache.catalina.core.AprLifecycleListener.lifecycleEvent The APR based Apache Tomcat Native library which allows optimal performance in production environments was not found on the java.library.path: [/Users/Jack/Library/Java/Extensions:/Library/Java/Extensions:/Network/Library/Java/Extensions:/System/Library/Java/Extensions:/usr/lib/java:.]
14-Oct-2020 22:29:01.903 INFO [main] org.apache.coyote.AbstractProtocol.init Initializing ProtocolHandler ["http-nio-9999"]
14-Oct-2020 22:29:01.919 INFO [main] org.apache.tomcat.util.net.NioSelectorPool.getSharedSelector Using a shared selector for servlet write/read
14-Oct-2020 22:29:01.929 INFO [main] org.apache.coyote.AbstractProtocol.init Initializing ProtocolHandler ["ajp-nio-0:0:0:0:0:0:0:1-8029"]
14-Oct-2020 22:29:01.930 INFO [main] org.apache.tomcat.util.net.NioSelectorPool.getSharedSelector Using a shared selector for servlet write/read
14-Oct-2020 22:29:01.931 INFO [main] org.apache.catalina.startup.Catalina.load Initialization processed in 417 ms
14-Oct-2020 22:29:01.962 INFO [main] org.apache.catalina.core.StandardService.startInternal Starting service [Catalina]
14-Oct-2020 22:29:01.962 INFO [main] org.apache.catalina.core.StandardEngine.startInternal Starting Servlet Engine: Apache Tomcat/8.5.54
14-Oct-2020 22:29:01.969 INFO [localhost-startStop-1] org.apache.catalina.startup.HostConfig.deployDirectory Deploying web application directory [/Users/Jack/Downloads/devTools/apache-tomcat/tomcat-9999/webapps/docs]
14-Oct-2020 22:29:02.188 INFO [localhost-startStop-1] org.apache.catalina.startup.HostConfig.deployDirectory Deployment of web application directory [/Users/Jack/Downloads/devTools/apache-tomcat/tomcat-9999/webapps/docs] has finished in [219] ms
14-Oct-2020 22:29:02.189 INFO [localhost-startStop-1] org.apache.catalina.startup.HostConfig.deployDirectory Deploying web application directory [/Users/Jack/Downloads/devTools/apache-tomcat/tomcat-9999/webapps/manager]
14-Oct-2020 22:29:02.214 INFO [localhost-startStop-1] org.apache.catalina.startup.HostConfig.deployDirectory Deployment of web application directory [/Users/Jack/Downloads/devTools/apache-tomcat/tomcat-9999/webapps/manager] has finished in [25] ms
14-Oct-2020 22:29:02.215 INFO [localhost-startStop-1] org.apache.catalina.startup.HostConfig.deployDirectory Deploying web application directory [/Users/Jack/Downloads/devTools/apache-tomcat/tomcat-9999/webapps/spring3_mvc_maven_xml_hello_world_war]
14-Oct-2020 22:29:02.774 INFO [localhost-startStop-1] org.apache.jasper.servlet.TldScanner.scanJars At least one JAR was scanned for TLDs yet contained no TLDs. Enable debug logging for this logger for a complete list of JARs that were scanned but no TLDs were found in them. Skipping unneeded JARs during scanning can improve startup time and JSP compilation time.
14-Oct-2020 22:29:02.883 INFO [localhost-startStop-1] org.springframework.web.servlet.DispatcherServlet.initServletBean FrameworkServlet 'spring-web': initialization started
14-Oct-2020 22:29:02.913 INFO [localhost-startStop-1] org.springframework.web.context.support.XmlWebApplicationContext.prepareRefresh Refreshing WebApplicationContext for namespace 'spring-web-servlet': startup date [Wed Oct 14 22:29:02 AEDT 2020]; root of context hierarchy
14-Oct-2020 22:29:02.959 INFO [localhost-startStop-1] org.springframework.beans.factory.xml.XmlBeanDefinitionReader.loadBeanDefinitions Loading XML bean definitions from ServletContext resource [/WEB-INF/spring-web-servlet.xml]
14-Oct-2020 22:29:03.208 INFO [localhost-startStop-1] org.springframework.beans.factory.support.DefaultListableBeanFactory.preInstantiateSingletons Pre-instantiating singletons in org.springframework.beans.factory.support.DefaultListableBeanFactory@52a338d3: defining beans [helloController,org.springframework.context.annotation.internalConfigurationAnnotationProcessor,org.springframework.context.annotation.internalAutowiredAnnotationProcessor,org.springframework.context.annotation.internalRequiredAnnotationProcessor,org.springframework.context.annotation.internalCommonAnnotationProcessor,org.springframework.web.servlet.view.InternalResourceViewResolver#0,org.springframework.web.servlet.resource.ResourceHttpRequestHandler#0,org.springframework.web.servlet.handler.SimpleUrlHandlerMapping#0,org.springframework.web.servlet.handler.BeanNameUrlHandlerMapping,org.springframework.web.servlet.mvc.HttpRequestHandlerAdapter,org.springframework.web.servlet.mvc.SimpleControllerHandlerAdapter,mvcContentNegotiationManager,org.springframework.web.servlet.mvc.method.annotation.RequestMappingHandlerMapping#0,org.springframework.format.support.FormattingConversionServiceFactoryBean#0,org.springframework.web.servlet.mvc.method.annotation.RequestMappingHandlerAdapter#0,org.springframework.web.servlet.handler.MappedInterceptor#0,org.springframework.web.servlet.mvc.method.annotation.ExceptionHandlerExceptionResolver#0,org.springframework.web.servlet.mvc.annotation.ResponseStatusExceptionResolver#0,org.springframework.web.servlet.mvc.support.DefaultHandlerExceptionResolver#0,org.springframework.context.annotation.ConfigurationClassPostProcessor.importAwareProcessor]; root of factory hierarchy
14-Oct-2020 22:29:03.319 INFO [localhost-startStop-1] org.springframework.web.servlet.handler.SimpleUrlHandlerMapping.registerHandler Mapped URL path [/resources/**] onto handler 'org.springframework.web.servlet.resource.ResourceHttpRequestHandler#0'
14-Oct-2020 22:29:03.368 INFO [localhost-startStop-1] org.springframework.web.servlet.mvc.method.annotation.RequestMappingHandlerMapping.registerHandlerMethod Mapped "{[/],methods=[GET],params=[],headers=[],consumes=[],produces=[],custom=[]}" onto public java.lang.String com.mkyong.web.controller.HelloController.printWelcome(org.springframework.ui.ModelMap)
14-Oct-2020 22:29:03.368 INFO [localhost-startStop-1] org.springframework.web.servlet.mvc.method.annotation.RequestMappingHandlerMapping.registerHandlerMethod Mapped "{[/hello/{name:.+}],methods=[GET],params=[],headers=[],consumes=[],produces=[],custom=[]}" onto public org.springframework.web.servlet.ModelAndView com.mkyong.web.controller.HelloController.hello(java.lang.String)
14-Oct-2020 22:29:03.591 INFO [localhost-startStop-1] org.springframework.web.servlet.DispatcherServlet.initServletBean FrameworkServlet 'spring-web': initialization completed in 708 ms
14-Oct-2020 22:29:03.593 INFO [localhost-startStop-1] org.apache.catalina.startup.HostConfig.deployDirectory Deployment of web application directory [/Users/Jack/Downloads/devTools/apache-tomcat/tomcat-9999/webapps/spring3_mvc_maven_xml_hello_world_war] has finished in [1,377] ms
14-Oct-2020 22:29:03.593 INFO [localhost-startStop-1] org.apache.catalina.startup.HostConfig.deployDirectory Deploying web application directory [/Users/Jack/Downloads/devTools/apache-tomcat/tomcat-9999/webapps/examples]
14-Oct-2020 22:29:03.748 INFO [localhost-startStop-1] org.apache.catalina.startup.HostConfig.deployDirectory Deployment of web application directory [/Users/Jack/Downloads/devTools/apache-tomcat/tomcat-9999/webapps/examples] has finished in [154] ms
14-Oct-2020 22:29:03.748 INFO [localhost-startStop-1] org.apache.catalina.startup.HostConfig.deployDirectory Deploying web application directory [/Users/Jack/Downloads/devTools/apache-tomcat/tomcat-9999/webapps/ROOT]
14-Oct-2020 22:29:03.760 INFO [localhost-startStop-1] org.apache.catalina.startup.HostConfig.deployDirectory Deployment of web application directory [/Users/Jack/Downloads/devTools/apache-tomcat/tomcat-9999/webapps/ROOT] has finished in [12] ms
14-Oct-2020 22:29:03.760 INFO [localhost-startStop-1] org.apache.catalina.startup.HostConfig.deployDirectory Deploying web application directory [/Users/Jack/Downloads/devTools/apache-tomcat/tomcat-9999/webapps/host-manager]
14-Oct-2020 22:29:03.772 INFO [localhost-startStop-1] org.apache.catalina.startup.HostConfig.deployDirectory Deployment of web application directory [/Users/Jack/Downloads/devTools/apache-tomcat/tomcat-9999/webapps/host-manager] has finished in [12] ms
14-Oct-2020 22:29:03.775 INFO [main] org.apache.coyote.AbstractProtocol.start Starting ProtocolHandler ["http-nio-9999"]
14-Oct-2020 22:29:03.792 SEVERE [main] org.apache.catalina.core.StandardService.startInternal Failed to start connector [Connector[AJP/1.3-8029]]
	org.apache.catalina.LifecycleException: Protocol handler start failed
		at org.apache.catalina.connector.Connector.startInternal(Connector.java:1085)
		at org.apache.catalina.util.LifecycleBase.start(LifecycleBase.java:183)
		at org.apache.catalina.core.StandardService.startInternal(StandardService.java:440)
		at org.apache.catalina.util.LifecycleBase.start(LifecycleBase.java:183)
		at org.apache.catalina.core.StandardServer.startInternal(StandardServer.java:766)
		at org.apache.catalina.util.LifecycleBase.start(LifecycleBase.java:183)
		at org.apache.catalina.startup.Catalina.start(Catalina.java:688)
		at java.base/jdk.internal.reflect.NativeMethodAccessorImpl.invoke0(Native Method)
		at java.base/jdk.internal.reflect.NativeMethodAccessorImpl.invoke(NativeMethodAccessorImpl.java:62)
		at java.base/jdk.internal.reflect.DelegatingMethodAccessorImpl.invoke(DelegatingMethodAccessorImpl.java:43)
		at java.base/java.lang.reflect.Method.invoke(Method.java:564)
		at org.apache.catalina.startup.Bootstrap.start(Bootstrap.java:343)
		at org.apache.catalina.startup.Bootstrap.main(Bootstrap.java:474)
	Caused by: java.lang.IllegalArgumentException: The AJP Connector is configured with secretRequired="true" but the secret attribute is either null or "". This combination is not valid.
		at org.apache.coyote.ajp.AbstractAjpProtocol.start(AbstractAjpProtocol.java:274)
		at org.apache.catalina.connector.Connector.startInternal(Connector.java:1083)
		... 12 more
14-Oct-2020 22:29:03.793 INFO [main] org.apache.catalina.startup.Catalina.start Server startup in 1862 ms
14-Oct-2020 22:30:53.826 INFO [ContainerBackgroundProcessor[StandardEngine[Catalina]]] org.apache.catalina.users.MemoryUserDatabase.backgroundProcess Reloading memory user database [UserDatabase] from updated source [file:/Users/Jack/Downloads/devTools/apache-tomcat/tomcat-9999/conf/tomcat-users.xml]
14-Oct-2020 22:30:53.827 SEVERE [ContainerBackgroundProcessor[StandardEngine[Catalina]]] org.apache.catalina.users.MemoryUserDatabase.open The specified user database [conf/tomcat-users.xml] could not be found
14-Oct-2020 22:30:53.828 WARNING [ContainerBackgroundProcessor[StandardEngine[Catalina]]] org.apache.catalina.users.MemoryUserDatabase.open Failed to close [conf/tomcat-users.xml]
	java.io.FileNotFoundException: /Users/Jack/Downloads/devTools/apache-tomcat/tomcat-9999/conf/tomcat-users.xml (No such file or directory)
		at java.base/java.io.FileInputStream.open0(Native Method)
		at java.base/java.io.FileInputStream.open(FileInputStream.java:212)
		at java.base/java.io.FileInputStream.<init>(FileInputStream.java:154)
		at java.base/java.io.FileInputStream.<init>(FileInputStream.java:109)
		at java.base/sun.net.www.protocol.file.FileURLConnection.connect(FileURLConnection.java:86)
		at java.base/sun.net.www.protocol.file.FileURLConnection.getInputStream(FileURLConnection.java:184)
		at org.apache.catalina.users.MemoryUserDatabase.open(MemoryUserDatabase.java:466)
		at org.apache.catalina.users.MemoryUserDatabase.backgroundProcess(MemoryUserDatabase.java:689)
		at org.apache.catalina.realm.UserDatabaseRealm.backgroundProcess(UserDatabaseRealm.java:160)
		at org.apache.catalina.realm.CombinedRealm.backgroundProcess(CombinedRealm.java:308)
		at org.apache.catalina.core.ContainerBase.backgroundProcess(ContainerBase.java:1145)
		at org.apache.catalina.core.ContainerBase$ContainerBackgroundProcessor.processChildren(ContainerBase.java:1381)
		at org.apache.catalina.core.ContainerBase$ContainerBackgroundProcessor.run(ContainerBase.java:1353)
		at java.base/java.lang.Thread.run(Thread.java:832)
14-Oct-2020 22:30:54.330 INFO [ContainerBackgroundProcessor[StandardEngine[Catalina]]] org.apache.catalina.startup.HostConfig.undeploy Undeploying context []
14-Oct-2020 22:30:54.339 WARNING [ContainerBackgroundProcessor[StandardEngine[Catalina]]] org.apache.catalina.loader.WebappClassLoaderBase.clearReferencesJdbc JDBC driver de-registration failed for web application [ROOT]
	java.lang.NullPointerException
		at org.apache.catalina.loader.WebappClassLoaderBase.clearReferencesJdbc(WebappClassLoaderBase.java:1657)
		at org.apache.catalina.loader.WebappClassLoaderBase.clearReferences(WebappClassLoaderBase.java:1596)
		at org.apache.catalina.loader.WebappClassLoaderBase.stop(WebappClassLoaderBase.java:1548)
		at org.apache.catalina.loader.WebappLoader.stopInternal(WebappLoader.java:452)
		at org.apache.catalina.util.LifecycleBase.stop(LifecycleBase.java:257)
		at org.apache.catalina.core.StandardContext.stopInternal(StandardContext.java:5441)
		at org.apache.catalina.util.LifecycleBase.stop(LifecycleBase.java:257)
		at org.apache.catalina.core.ContainerBase.removeChild(ContainerBase.java:834)
		at org.apache.catalina.startup.HostConfig.undeploy(HostConfig.java:1417)
		at org.apache.catalina.startup.HostConfig.checkResources(HostConfig.java:1344)
		at org.apache.catalina.startup.HostConfig.check(HostConfig.java:1603)
		at org.apache.catalina.startup.HostConfig.lifecycleEvent(HostConfig.java:304)
		at org.apache.catalina.util.LifecycleBase.fireLifecycleEvent(LifecycleBase.java:123)
		at org.apache.catalina.core.ContainerBase.backgroundProcess(ContainerBase.java:1159)
		at org.apache.catalina.core.ContainerBase$ContainerBackgroundProcessor.processChildren(ContainerBase.java:1381)
		at org.apache.catalina.core.ContainerBase$ContainerBackgroundProcessor.processChildren(ContainerBase.java:1385)
		at org.apache.catalina.core.ContainerBase$ContainerBackgroundProcessor.run(ContainerBase.java:1353)
		at java.base/java.lang.Thread.run(Thread.java:832)
14-Oct-2020 22:30:54.853 INFO [ContainerBackgroundProcessor[StandardEngine[Catalina]]] org.apache.catalina.startup.HostConfig.undeploy Undeploying context [/examples]
14-Oct-2020 22:30:54.860 WARNING [ContainerBackgroundProcessor[StandardEngine[Catalina]]] org.apache.catalina.loader.WebappClassLoaderBase.clearReferencesJdbc JDBC driver de-registration failed for web application [examples]
	java.lang.IllegalStateException: java.io.IOException: java.lang.reflect.InvocationTargetException
		at org.apache.catalina.webresources.AbstractSingleArchiveResourceSet.getArchiveEntry(AbstractSingleArchiveResourceSet.java:100)
		at org.apache.catalina.webresources.AbstractArchiveResourceSet.getResource(AbstractArchiveResourceSet.java:257)
		at org.apache.catalina.webresources.StandardRoot.getResourceInternal(StandardRoot.java:281)
		at org.apache.catalina.webresources.Cache.getResource(Cache.java:62)
		at org.apache.catalina.webresources.StandardRoot.getResource(StandardRoot.java:216)
		at org.apache.catalina.webresources.StandardRoot.getClassLoaderResource(StandardRoot.java:225)
		at org.apache.catalina.loader.WebappClassLoaderBase.getResourceAsStream(WebappClassLoaderBase.java:1129)
		at org.apache.catalina.loader.WebappClassLoaderBase.clearReferencesJdbc(WebappClassLoaderBase.java:1655)
		at org.apache.catalina.loader.WebappClassLoaderBase.clearReferences(WebappClassLoaderBase.java:1596)
		at org.apache.catalina.loader.WebappClassLoaderBase.stop(WebappClassLoaderBase.java:1548)
		at org.apache.catalina.loader.WebappLoader.stopInternal(WebappLoader.java:452)
		at org.apache.catalina.util.LifecycleBase.stop(LifecycleBase.java:257)
		at org.apache.catalina.core.StandardContext.stopInternal(StandardContext.java:5441)
		at org.apache.catalina.util.LifecycleBase.stop(LifecycleBase.java:257)
		at org.apache.catalina.core.ContainerBase.removeChild(ContainerBase.java:834)
		at org.apache.catalina.startup.HostConfig.undeploy(HostConfig.java:1417)
		at org.apache.catalina.startup.HostConfig.checkResources(HostConfig.java:1344)
		at org.apache.catalina.startup.HostConfig.check(HostConfig.java:1603)
		at org.apache.catalina.startup.HostConfig.lifecycleEvent(HostConfig.java:304)
		at org.apache.catalina.util.LifecycleBase.fireLifecycleEvent(LifecycleBase.java:123)
		at org.apache.catalina.core.ContainerBase.backgroundProcess(ContainerBase.java:1159)
		at org.apache.catalina.core.ContainerBase$ContainerBackgroundProcessor.processChildren(ContainerBase.java:1381)
		at org.apache.catalina.core.ContainerBase$ContainerBackgroundProcessor.processChildren(ContainerBase.java:1385)
		at org.apache.catalina.core.ContainerBase$ContainerBackgroundProcessor.run(ContainerBase.java:1353)
		at java.base/java.lang.Thread.run(Thread.java:832)
	Caused by: java.io.IOException: java.lang.reflect.InvocationTargetException
		at org.apache.tomcat.util.compat.Jre9Compat.jarFileNewInstance(Jre9Compat.java:236)
		at org.apache.tomcat.util.compat.JreCompat.jarFileNewInstance(JreCompat.java:182)
		at org.apache.catalina.webresources.AbstractArchiveResourceSet.openJarFile(AbstractArchiveResourceSet.java:308)
		at org.apache.catalina.webresources.AbstractSingleArchiveResourceSet.getArchiveEntry(AbstractSingleArchiveResourceSet.java:96)
		... 24 more
	Caused by: java.lang.reflect.InvocationTargetException
		at java.base/jdk.internal.reflect.GeneratedConstructorAccessor7.newInstance(Unknown Source)
		at java.base/jdk.internal.reflect.DelegatingConstructorAccessorImpl.newInstance(DelegatingConstructorAccessorImpl.java:45)
		at java.base/java.lang.reflect.Constructor.newInstanceWithCaller(Constructor.java:500)
		at java.base/java.lang.reflect.Constructor.newInstance(Constructor.java:481)
		at org.apache.tomcat.util.compat.Jre9Compat.jarFileNewInstance(Jre9Compat.java:233)
		... 27 more
	Caused by: java.nio.file.NoSuchFileException: /Users/Jack/Downloads/devTools/apache-tomcat/tomcat-9999/webapps/examples/WEB-INF/lib/taglibs-standard-impl-1.2.5.jar
		at java.base/sun.nio.fs.UnixException.translateToIOException(UnixException.java:92)
		at java.base/sun.nio.fs.UnixException.rethrowAsIOException(UnixException.java:111)
		at java.base/sun.nio.fs.UnixException.rethrowAsIOException(UnixException.java:116)
		at java.base/sun.nio.fs.UnixFileAttributeViews$Basic.readAttributes(UnixFileAttributeViews.java:55)
		at java.base/sun.nio.fs.UnixFileSystemProvider.readAttributes(UnixFileSystemProvider.java:149)
		at java.base/java.nio.file.Files.readAttributes(Files.java:1843)
		at java.base/java.util.zip.ZipFile$Source.get(ZipFile.java:1172)
		at java.base/java.util.zip.ZipFile$CleanableResource.<init>(ZipFile.java:718)
		at java.base/java.util.zip.ZipFile.<init>(ZipFile.java:238)
		at java.base/java.util.zip.ZipFile.<init>(ZipFile.java:168)
		at java.base/java.util.jar.JarFile.<init>(JarFile.java:345)
		... 32 more
14-Oct-2020 22:30:55.370 INFO [ContainerBackgroundProcessor[StandardEngine[Catalina]]] org.apache.catalina.startup.HostConfig.undeploy Undeploying context [/host-manager]
14-Oct-2020 22:30:55.374 WARNING [ContainerBackgroundProcessor[StandardEngine[Catalina]]] org.apache.catalina.loader.WebappClassLoaderBase.clearReferencesJdbc JDBC driver de-registration failed for web application [host-manager]
	java.lang.NullPointerException
		at org.apache.catalina.loader.WebappClassLoaderBase.clearReferencesJdbc(WebappClassLoaderBase.java:1657)
		at org.apache.catalina.loader.WebappClassLoaderBase.clearReferences(WebappClassLoaderBase.java:1596)
		at org.apache.catalina.loader.WebappClassLoaderBase.stop(WebappClassLoaderBase.java:1548)
		at org.apache.catalina.loader.WebappLoader.stopInternal(WebappLoader.java:452)
		at org.apache.catalina.util.LifecycleBase.stop(LifecycleBase.java:257)
		at org.apache.catalina.core.StandardContext.stopInternal(StandardContext.java:5441)
		at org.apache.catalina.util.LifecycleBase.stop(LifecycleBase.java:257)
		at org.apache.catalina.core.ContainerBase.removeChild(ContainerBase.java:834)
		at org.apache.catalina.startup.HostConfig.undeploy(HostConfig.java:1417)
		at org.apache.catalina.startup.HostConfig.checkResources(HostConfig.java:1344)
		at org.apache.catalina.startup.HostConfig.check(HostConfig.java:1603)
		at org.apache.catalina.startup.HostConfig.lifecycleEvent(HostConfig.java:304)
		at org.apache.catalina.util.LifecycleBase.fireLifecycleEvent(LifecycleBase.java:123)
		at org.apache.catalina.core.ContainerBase.backgroundProcess(ContainerBase.java:1159)
		at org.apache.catalina.core.ContainerBase$ContainerBackgroundProcessor.processChildren(ContainerBase.java:1381)
		at org.apache.catalina.core.ContainerBase$ContainerBackgroundProcessor.processChildren(ContainerBase.java:1385)
		at org.apache.catalina.core.ContainerBase$ContainerBackgroundProcessor.run(ContainerBase.java:1353)
		at java.base/java.lang.Thread.run(Thread.java:832)
14-Oct-2020 22:30:55.880 INFO [ContainerBackgroundProcessor[StandardEngine[Catalina]]] org.apache.catalina.startup.HostConfig.undeploy Undeploying context [/spring3_mvc_maven_xml_hello_world_war]
14-Oct-2020 22:30:55.881 INFO [ContainerBackgroundProcessor[StandardEngine[Catalina]]] org.springframework.web.context.support.XmlWebApplicationContext.doClose Closing WebApplicationContext for namespace 'spring-web-servlet': startup date [Wed Oct 14 22:29:02 AEDT 2020]; root of context hierarchy
14-Oct-2020 22:30:55.881 INFO [ContainerBackgroundProcessor[StandardEngine[Catalina]]] org.springframework.beans.factory.support.DefaultListableBeanFactory.destroySingletons Destroying singletons in org.springframework.beans.factory.support.DefaultListableBeanFactory@52a338d3: defining beans [helloController,org.springframework.context.annotation.internalConfigurationAnnotationProcessor,org.springframework.context.annotation.internalAutowiredAnnotationProcessor,org.springframework.context.annotation.internalRequiredAnnotationProcessor,org.springframework.context.annotation.internalCommonAnnotationProcessor,org.springframework.web.servlet.view.InternalResourceViewResolver#0,org.springframework.web.servlet.resource.ResourceHttpRequestHandler#0,org.springframework.web.servlet.handler.SimpleUrlHandlerMapping#0,org.springframework.web.servlet.handler.BeanNameUrlHandlerMapping,org.springframework.web.servlet.mvc.HttpRequestHandlerAdapter,org.springframework.web.servlet.mvc.SimpleControllerHandlerAdapter,mvcContentNegotiationManager,org.springframework.web.servlet.mvc.method.annotation.RequestMappingHandlerMapping#0,org.springframework.format.support.FormattingConversionServiceFactoryBean#0,org.springframework.web.servlet.mvc.method.annotation.RequestMappingHandlerAdapter#0,org.springframework.web.servlet.handler.MappedInterceptor#0,org.springframework.web.servlet.mvc.method.annotation.ExceptionHandlerExceptionResolver#0,org.springframework.web.servlet.mvc.annotation.ResponseStatusExceptionResolver#0,org.springframework.web.servlet.mvc.support.DefaultHandlerExceptionResolver#0,org.springframework.context.annotation.ConfigurationClassPostProcessor.importAwareProcessor]; root of factory hierarchy
14-Oct-2020 22:30:55.884 WARNING [ContainerBackgroundProcessor[StandardEngine[Catalina]]] org.apache.catalina.loader.WebappClassLoaderBase.clearReferencesJdbc JDBC driver de-registration failed for web application [spring3_mvc_maven_xml_hello_world_war]
	java.lang.IllegalStateException: java.io.IOException: java.lang.reflect.InvocationTargetException
		at org.apache.catalina.webresources.AbstractSingleArchiveResourceSet.getArchiveEntry(AbstractSingleArchiveResourceSet.java:100)
		at org.apache.catalina.webresources.AbstractArchiveResourceSet.getResource(AbstractArchiveResourceSet.java:257)
		at org.apache.catalina.webresources.StandardRoot.getResourceInternal(StandardRoot.java:281)
		at org.apache.catalina.webresources.Cache.getResource(Cache.java:62)
		at org.apache.catalina.webresources.StandardRoot.getResource(StandardRoot.java:216)
		at org.apache.catalina.webresources.StandardRoot.getClassLoaderResource(StandardRoot.java:225)
		at org.apache.catalina.loader.WebappClassLoaderBase.getResourceAsStream(WebappClassLoaderBase.java:1129)
		at org.apache.catalina.loader.WebappClassLoaderBase.clearReferencesJdbc(WebappClassLoaderBase.java:1655)
		at org.apache.catalina.loader.WebappClassLoaderBase.clearReferences(WebappClassLoaderBase.java:1596)
		at org.apache.catalina.loader.WebappClassLoaderBase.stop(WebappClassLoaderBase.java:1548)
		at org.apache.catalina.loader.WebappLoader.stopInternal(WebappLoader.java:452)
		at org.apache.catalina.util.LifecycleBase.stop(LifecycleBase.java:257)
		at org.apache.catalina.core.StandardContext.stopInternal(StandardContext.java:5441)
		at org.apache.catalina.util.LifecycleBase.stop(LifecycleBase.java:257)
		at org.apache.catalina.core.ContainerBase.removeChild(ContainerBase.java:834)
		at org.apache.catalina.startup.HostConfig.undeploy(HostConfig.java:1417)
		at org.apache.catalina.startup.HostConfig.checkResources(HostConfig.java:1344)
		at org.apache.catalina.startup.HostConfig.check(HostConfig.java:1603)
		at org.apache.catalina.startup.HostConfig.lifecycleEvent(HostConfig.java:304)
		at org.apache.catalina.util.LifecycleBase.fireLifecycleEvent(LifecycleBase.java:123)
		at org.apache.catalina.core.ContainerBase.backgroundProcess(ContainerBase.java:1159)
		at org.apache.catalina.core.ContainerBase$ContainerBackgroundProcessor.processChildren(ContainerBase.java:1381)
		at org.apache.catalina.core.ContainerBase$ContainerBackgroundProcessor.processChildren(ContainerBase.java:1385)
		at org.apache.catalina.core.ContainerBase$ContainerBackgroundProcessor.run(ContainerBase.java:1353)
		at java.base/java.lang.Thread.run(Thread.java:832)
	Caused by: java.io.IOException: java.lang.reflect.InvocationTargetException
		at org.apache.tomcat.util.compat.Jre9Compat.jarFileNewInstance(Jre9Compat.java:236)
		at org.apache.tomcat.util.compat.JreCompat.jarFileNewInstance(JreCompat.java:182)
		at org.apache.catalina.webresources.AbstractArchiveResourceSet.openJarFile(AbstractArchiveResourceSet.java:308)
		at org.apache.catalina.webresources.AbstractSingleArchiveResourceSet.getArchiveEntry(AbstractSingleArchiveResourceSet.java:96)
		... 24 more
	Caused by: java.lang.reflect.InvocationTargetException
		at java.base/jdk.internal.reflect.GeneratedConstructorAccessor7.newInstance(Unknown Source)
		at java.base/jdk.internal.reflect.DelegatingConstructorAccessorImpl.newInstance(DelegatingConstructorAccessorImpl.java:45)
		at java.base/java.lang.reflect.Constructor.newInstanceWithCaller(Constructor.java:500)
		at java.base/java.lang.reflect.Constructor.newInstance(Constructor.java:481)
		at org.apache.tomcat.util.compat.Jre9Compat.jarFileNewInstance(Jre9Compat.java:233)
		... 27 more
	Caused by: java.nio.file.NoSuchFileException: /Users/Jack/Downloads/devTools/apache-tomcat/tomcat-9999/webapps/spring3_mvc_maven_xml_hello_world_war/WEB-INF/lib/spring-beans-3.2.13.RELEASE.jar
		at java.base/sun.nio.fs.UnixException.translateToIOException(UnixException.java:92)
		at java.base/sun.nio.fs.UnixException.rethrowAsIOException(UnixException.java:111)
		at java.base/sun.nio.fs.UnixException.rethrowAsIOException(UnixException.java:116)
		at java.base/sun.nio.fs.UnixFileAttributeViews$Basic.readAttributes(UnixFileAttributeViews.java:55)
		at java.base/sun.nio.fs.UnixFileSystemProvider.readAttributes(UnixFileSystemProvider.java:149)
		at java.base/java.nio.file.Files.readAttributes(Files.java:1843)
		at java.base/java.util.zip.ZipFile$Source.get(ZipFile.java:1172)
		at java.base/java.util.zip.ZipFile$CleanableResource.<init>(ZipFile.java:718)
		at java.base/java.util.zip.ZipFile.<init>(ZipFile.java:238)
		at java.base/java.util.zip.ZipFile.<init>(ZipFile.java:168)
		at java.base/java.util.jar.JarFile.<init>(JarFile.java:345)
		... 32 more
14-Oct-2020 22:30:56.391 INFO [ContainerBackgroundProcessor[StandardEngine[Catalina]]] org.apache.catalina.startup.HostConfig.undeploy Undeploying context [/manager]
14-Oct-2020 22:30:56.394 WARNING [ContainerBackgroundProcessor[StandardEngine[Catalina]]] org.apache.catalina.loader.WebappClassLoaderBase.clearReferencesJdbc JDBC driver de-registration failed for web application [manager]
	java.lang.NullPointerException
		at org.apache.catalina.loader.WebappClassLoaderBase.clearReferencesJdbc(WebappClassLoaderBase.java:1657)
		at org.apache.catalina.loader.WebappClassLoaderBase.clearReferences(WebappClassLoaderBase.java:1596)
		at org.apache.catalina.loader.WebappClassLoaderBase.stop(WebappClassLoaderBase.java:1548)
		at org.apache.catalina.loader.WebappLoader.stopInternal(WebappLoader.java:452)
		at org.apache.catalina.util.LifecycleBase.stop(LifecycleBase.java:257)
		at org.apache.catalina.core.StandardContext.stopInternal(StandardContext.java:5441)
		at org.apache.catalina.util.LifecycleBase.stop(LifecycleBase.java:257)
		at org.apache.catalina.core.ContainerBase.removeChild(ContainerBase.java:834)
		at org.apache.catalina.startup.HostConfig.undeploy(HostConfig.java:1417)
		at org.apache.catalina.startup.HostConfig.checkResources(HostConfig.java:1344)
		at org.apache.catalina.startup.HostConfig.check(HostConfig.java:1603)
		at org.apache.catalina.startup.HostConfig.lifecycleEvent(HostConfig.java:304)
		at org.apache.catalina.util.LifecycleBase.fireLifecycleEvent(LifecycleBase.java:123)
		at org.apache.catalina.core.ContainerBase.backgroundProcess(ContainerBase.java:1159)
		at org.apache.catalina.core.ContainerBase$ContainerBackgroundProcessor.processChildren(ContainerBase.java:1381)
		at org.apache.catalina.core.ContainerBase$ContainerBackgroundProcessor.processChildren(ContainerBase.java:1385)
		at org.apache.catalina.core.ContainerBase$ContainerBackgroundProcessor.run(ContainerBase.java:1353)
		at java.base/java.lang.Thread.run(Thread.java:832)
14-Oct-2020 22:30:56.898 INFO [ContainerBackgroundProcessor[StandardEngine[Catalina]]] org.apache.catalina.startup.HostConfig.undeploy Undeploying context [/docs]
14-Oct-2020 22:30:56.899 WARNING [ContainerBackgroundProcessor[StandardEngine[Catalina]]] org.apache.catalina.loader.WebappClassLoaderBase.clearReferencesJdbc JDBC driver de-registration failed for web application [docs]
	java.lang.NullPointerException
		at org.apache.catalina.loader.WebappClassLoaderBase.clearReferencesJdbc(WebappClassLoaderBase.java:1657)
		at org.apache.catalina.loader.WebappClassLoaderBase.clearReferences(WebappClassLoaderBase.java:1596)
		at org.apache.catalina.loader.WebappClassLoaderBase.stop(WebappClassLoaderBase.java:1548)
		at org.apache.catalina.loader.WebappLoader.stopInternal(WebappLoader.java:452)
		at org.apache.catalina.util.LifecycleBase.stop(LifecycleBase.java:257)
		at org.apache.catalina.core.StandardContext.stopInternal(StandardContext.java:5441)
		at org.apache.catalina.util.LifecycleBase.stop(LifecycleBase.java:257)
		at org.apache.catalina.core.ContainerBase.removeChild(ContainerBase.java:834)
		at org.apache.catalina.startup.HostConfig.undeploy(HostConfig.java:1417)
		at org.apache.catalina.startup.HostConfig.checkResources(HostConfig.java:1344)
		at org.apache.catalina.startup.HostConfig.check(HostConfig.java:1603)
		at org.apache.catalina.startup.HostConfig.lifecycleEvent(HostConfig.java:304)
		at org.apache.catalina.util.LifecycleBase.fireLifecycleEvent(LifecycleBase.java:123)
		at org.apache.catalina.core.ContainerBase.backgroundProcess(ContainerBase.java:1159)
		at org.apache.catalina.core.ContainerBase$ContainerBackgroundProcessor.processChildren(ContainerBase.java:1381)
		at org.apache.catalina.core.ContainerBase$ContainerBackgroundProcessor.processChildren(ContainerBase.java:1385)
		at org.apache.catalina.core.ContainerBase$ContainerBackgroundProcessor.run(ContainerBase.java:1353)
		at java.base/java.lang.Thread.run(Thread.java:832)
14-Oct-2020 22:31:22.537 INFO [main] org.apache.catalina.core.StandardServer.await A valid shutdown command was received via the shutdown port. Stopping the Server instance.
14-Oct-2020 22:31:22.537 INFO [main] org.apache.coyote.AbstractProtocol.pause Pausing ProtocolHandler ["http-nio-9999"]
14-Oct-2020 22:31:22.543 INFO [main] org.apache.coyote.AbstractProtocol.pause Pausing ProtocolHandler ["ajp-nio-0:0:0:0:0:0:0:1-8029"]
14-Oct-2020 22:31:22.543 INFO [main] org.apache.catalina.core.StandardService.stopInternal Stopping service [Catalina]
14-Oct-2020 22:31:22.544 INFO [main] org.apache.coyote.AbstractProtocol.stop Stopping ProtocolHandler ["http-nio-9999"]
14-Oct-2020 22:31:22.547 INFO [main] org.apache.coyote.AbstractProtocol.destroy Destroying ProtocolHandler ["http-nio-9999"]
14-Oct-2020 22:31:22.547 INFO [main] org.apache.coyote.AbstractProtocol.stop Stopping ProtocolHandler ["ajp-nio-0:0:0:0:0:0:0:1-8029"]
14-Oct-2020 22:31:22.548 INFO [main] org.apache.coyote.AbstractProtocol.destroy Destroying ProtocolHandler ["ajp-nio-0:0:0:0:0:0:0:1-8029"]
